  Books.cpp
c:\users\emc11\dropbox\software\3.spring 2019\project 1 - library employees\project 1 - library employees\books.h(6): error C3646: 'circStart': unknown override specifier
c:\users\emc11\dropbox\software\3.spring 2019\project 1 - library employees\project 1 - library employees\books.h(6): error C4430: missing type specifier - int assumed. Note: C++ does not support default-int
c:\users\emc11\dropbox\software\3.spring 2019\project 1 - library employees\project 1 - library employees\books.h(7): error C3646: 'cirEnd': unknown override specifier
c:\users\emc11\dropbox\software\3.spring 2019\project 1 - library employees\project 1 - library employees\books.h(7): error C4430: missing type specifier - int assumed. Note: C++ does not support default-int
c:\users\emc11\dropbox\software\3.spring 2019\project 1 - library employees\project 1 - library employees\books.h(9): error C2065: 'Employees': undeclared identifier
c:\users\emc11\dropbox\software\3.spring 2019\project 1 - library employees\project 1 - library employees\books.h(9): error C2923: 'std::queue': 'Employees' is not a valid template type argument for parameter '_Ty'
c:\program files (x86)\microsoft visual studio\2017\community\vc\tools\msvc\14.16.27023\include\queue(20): error C2903: 'allocator': symbol is neither a class template nor a function template
c:\users\emc11\dropbox\software\3.spring 2019\project 1 - library employees\project 1 - library employees\books.h(9): error C2903: 'deque': symbol is neither a class template nor a function template
c:\users\emc11\dropbox\software\3.spring 2019\project 1 - library employees\project 1 - library employees\books.h(9): error C3203: 'deque': unspecialized class template can't be used as a template argument for template parameter '_Container', expected a real type
c:\users\emc11\dropbox\software\3.spring 2019\project 1 - library employees\project 1 - library employees\stringtokenizer.h(27): error C4596: 'has_more_tokens': illegal qualified name in member declaration
c:\users\emc11\dropbox\software\3.spring 2019\project 1 - library employees\project 1 - library employees\stringtokenizer.h(35): error C4596: 'next_token': illegal qualified name in member declaration
c:\users\emc11\dropbox\software\3.spring 2019\project 1 - library employees\project 1 - library employees\stringtokenizer.h(53): error C4596: 'find_next': illegal qualified name in member declaration
c:\users\emc11\dropbox\software\3.spring 2019\project 1 - library employees\project 1 - library employees\books.cpp(8): error C2512: 'std::queue': no appropriate default constructor available
  c:\program files (x86)\microsoft visual studio\2017\community\vc\tools\msvc\14.16.27023\include\queue(21): note: see declaration of 'std::queue'
  Date.cpp
c:\users\emc11\dropbox\software\3.spring 2019\project 1 - library employees\project 1 - library employees\stringtokenizer.h(27): error C4596: 'has_more_tokens': illegal qualified name in member declaration
c:\users\emc11\dropbox\software\3.spring 2019\project 1 - library employees\project 1 - library employees\stringtokenizer.h(35): error C4596: 'next_token': illegal qualified name in member declaration
c:\users\emc11\dropbox\software\3.spring 2019\project 1 - library employees\project 1 - library employees\stringtokenizer.h(53): error C4596: 'find_next': illegal qualified name in member declaration
c:\users\emc11\dropbox\software\3.spring 2019\project 1 - library employees\project 1 - library employees\date.cpp(4): error C2511: 'Date::Date(void)': overloaded member function not found in 'Date'
  c:\users\emc11\dropbox\software\3.spring 2019\project 1 - library employees\project 1 - library employees\date.h(21): note: see declaration of 'Date'
  Library.cpp
c:\users\emc11\dropbox\software\3.spring 2019\project 1 - library employees\project 1 - library employees\library.h(5): error C2065: 'Books': undeclared identifier
c:\users\emc11\dropbox\software\3.spring 2019\project 1 - library employees\project 1 - library employees\library.h(5): error C2923: 'std::list': 'Books' is not a valid template type argument for parameter '_Ty'
c:\users\emc11\dropbox\software\3.spring 2019\project 1 - library employees\project 1 - library employees\library.h(5): error C2903: 'allocator': symbol is neither a class template nor a function template
c:\users\emc11\dropbox\software\3.spring 2019\project 1 - library employees\project 1 - library employees\library.h(5): error C3203: 'allocator': unspecialized class template can't be used as a template argument for template parameter '_Alloc', expected a real type
c:\users\emc11\dropbox\software\3.spring 2019\project 1 - library employees\project 1 - library employees\library.h(6): error C2065: 'Books': undeclared identifier
c:\users\emc11\dropbox\software\3.spring 2019\project 1 - library employees\project 1 - library employees\library.h(6): error C2923: 'std::list': 'Books' is not a valid template type argument for parameter '_Ty'
c:\users\emc11\dropbox\software\3.spring 2019\project 1 - library employees\project 1 - library employees\library.h(6): error C2903: 'allocator': symbol is neither a class template nor a function template
c:\users\emc11\dropbox\software\3.spring 2019\project 1 - library employees\project 1 - library employees\library.h(6): error C3203: 'allocator': unspecialized class template can't be used as a template argument for template parameter '_Alloc', expected a real type
c:\users\emc11\dropbox\software\3.spring 2019\project 1 - library employees\project 1 - library employees\library.h(7): error C2065: 'Employees': undeclared identifier
c:\users\emc11\dropbox\software\3.spring 2019\project 1 - library employees\project 1 - library employees\library.h(7): error C2923: 'std::queue': 'Employees' is not a valid template type argument for parameter '_Ty'
c:\program files (x86)\microsoft visual studio\2017\community\vc\tools\msvc\14.16.27023\include\queue(20): error C2903: 'allocator': symbol is neither a class template nor a function template
c:\users\emc11\dropbox\software\3.spring 2019\project 1 - library employees\project 1 - library employees\library.h(7): error C2903: 'deque': symbol is neither a class template nor a function template
c:\users\emc11\dropbox\software\3.spring 2019\project 1 - library employees\project 1 - library employees\library.h(7): error C3203: 'deque': unspecialized class template can't be used as a template argument for template parameter '_Container', expected a real type
c:\users\emc11\dropbox\software\3.spring 2019\project 1 - library employees\project 1 - library employees\library.h(12): error C2061: syntax error: identifier 'Date'
c:\users\emc11\dropbox\software\3.spring 2019\project 1 - library employees\project 1 - library employees\library.h(13): error C2061: syntax error: identifier 'Date'
c:\users\emc11\dropbox\software\3.spring 2019\project 1 - library employees\project 1 - library employees\books.h(6): error C3646: 'circStart': unknown override specifier
c:\users\emc11\dropbox\software\3.spring 2019\project 1 - library employees\project 1 - library employees\books.h(6): error C4430: missing type specifier - int assumed. Note: C++ does not support default-int
c:\users\emc11\dropbox\software\3.spring 2019\project 1 - library employees\project 1 - library employees\books.h(7): error C3646: 'cirEnd': unknown override specifier
c:\users\emc11\dropbox\software\3.spring 2019\project 1 - library employees\project 1 - library employees\books.h(7): error C4430: missing type specifier - int assumed. Note: C++ does not support default-int
c:\users\emc11\dropbox\software\3.spring 2019\project 1 - library employees\project 1 - library employees\books.h(9): error C2065: 'Employees': undeclared identifier
c:\users\emc11\dropbox\software\3.spring 2019\project 1 - library employees\project 1 - library employees\books.h(9): error C2923: 'std::queue': 'Employees' is not a valid template type argument for parameter '_Ty'
c:\users\emc11\dropbox\software\3.spring 2019\project 1 - library employees\project 1 - library employees\books.h(9): error C2903: 'deque': symbol is neither a class template nor a function template
c:\users\emc11\dropbox\software\3.spring 2019\project 1 - library employees\project 1 - library employees\books.h(9): error C3203: 'deque': unspecialized class template can't be used as a template argument for template parameter '_Container', expected a real type
c:\users\emc11\dropbox\software\3.spring 2019\project 1 - library employees\project 1 - library employees\stringtokenizer.h(27): error C4596: 'has_more_tokens': illegal qualified name in member declaration
c:\users\emc11\dropbox\software\3.spring 2019\project 1 - library employees\project 1 - library employees\stringtokenizer.h(35): error C4596: 'next_token': illegal qualified name in member declaration
c:\users\emc11\dropbox\software\3.spring 2019\project 1 - library employees\project 1 - library employees\stringtokenizer.h(53): error C4596: 'find_next': illegal qualified name in member declaration
c:\users\emc11\dropbox\software\3.spring 2019\project 1 - library employees\project 1 - library employees\library.cpp(10): error C2512: 'std::list': no appropriate default constructor available
  c:\program files (x86)\microsoft visual studio\2017\community\vc\tools\msvc\14.16.27023\include\list(739): note: see declaration of 'std::list'
c:\users\emc11\dropbox\software\3.spring 2019\project 1 - library employees\project 1 - library employees\library.cpp(10): error C2512: 'std::queue': no appropriate default constructor available
  c:\program files (x86)\microsoft visual studio\2017\community\vc\tools\msvc\14.16.27023\include\queue(21): note: see declaration of 'std::queue'
c:\users\emc11\dropbox\software\3.spring 2019\project 1 - library employees\project 1 - library employees\library.cpp(23): error C2511: 'void Library::circulate_book(std::string,Date)': overloaded member function not found in 'Library'
  c:\users\emc11\dropbox\software\3.spring 2019\project 1 - library employees\project 1 - library employees\library.h(2): note: see declaration of 'Library'
c:\users\emc11\dropbox\software\3.spring 2019\project 1 - library employees\project 1 - library employees\library.cpp(27): error C2511: 'void Library::pass_on(std::string,Date)': overloaded member function not found in 'Library'
  c:\users\emc11\dropbox\software\3.spring 2019\project 1 - library employees\project 1 - library employees\library.h(2): note: see declaration of 'Library'
  Source.cpp
c:\users\emc11\dropbox\software\3.spring 2019\project 1 - library employees\project 1 - library employees\library.h(5): error C2065: 'Books': undeclared identifier
c:\users\emc11\dropbox\software\3.spring 2019\project 1 - library employees\project 1 - library employees\library.h(5): error C2923: 'std::list': 'Books' is not a valid template type argument for parameter '_Ty'
c:\users\emc11\dropbox\software\3.spring 2019\project 1 - library employees\project 1 - library employees\library.h(5): error C2903: 'allocator': symbol is neither a class template nor a function template
c:\users\emc11\dropbox\software\3.spring 2019\project 1 - library employees\project 1 - library employees\library.h(5): error C3203: 'allocator': unspecialized class template can't be used as a template argument for template parameter '_Alloc', expected a real type
c:\users\emc11\dropbox\software\3.spring 2019\project 1 - library employees\project 1 - library employees\library.h(6): error C2065: 'Books': undeclared identifier
c:\users\emc11\dropbox\software\3.spring 2019\project 1 - library employees\project 1 - library employees\library.h(6): error C2923: 'std::list': 'Books' is not a valid template type argument for parameter '_Ty'
c:\users\emc11\dropbox\software\3.spring 2019\project 1 - library employees\project 1 - library employees\library.h(6): error C2903: 'allocator': symbol is neither a class template nor a function template
c:\users\emc11\dropbox\software\3.spring 2019\project 1 - library employees\project 1 - library employees\library.h(6): error C3203: 'allocator': unspecialized class template can't be used as a template argument for template parameter '_Alloc', expected a real type
c:\users\emc11\dropbox\software\3.spring 2019\project 1 - library employees\project 1 - library employees\library.h(7): error C2065: 'Employees': undeclared identifier
c:\users\emc11\dropbox\software\3.spring 2019\project 1 - library employees\project 1 - library employees\library.h(7): error C2923: 'std::queue': 'Employees' is not a valid template type argument for parameter '_Ty'
c:\program files (x86)\microsoft visual studio\2017\community\vc\tools\msvc\14.16.27023\include\queue(20): error C2903: 'allocator': symbol is neither a class template nor a function template
c:\users\emc11\dropbox\software\3.spring 2019\project 1 - library employees\project 1 - library employees\library.h(7): error C2903: 'deque': symbol is neither a class template nor a function template
c:\users\emc11\dropbox\software\3.spring 2019\project 1 - library employees\project 1 - library employees\library.h(7): error C3203: 'deque': unspecialized class template can't be used as a template argument for template parameter '_Container', expected a real type
c:\users\emc11\dropbox\software\3.spring 2019\project 1 - library employees\project 1 - library employees\library.h(12): error C2061: syntax error: identifier 'Date'
c:\users\emc11\dropbox\software\3.spring 2019\project 1 - library employees\project 1 - library employees\library.h(13): error C2061: syntax error: identifier 'Date'
c:\users\emc11\dropbox\software\3.spring 2019\project 1 - library employees\project 1 - library employees\books.h(6): error C3646: 'circStart': unknown override specifier
c:\users\emc11\dropbox\software\3.spring 2019\project 1 - library employees\project 1 - library employees\books.h(6): error C4430: missing type specifier - int assumed. Note: C++ does not support default-int
c:\users\emc11\dropbox\software\3.spring 2019\project 1 - library employees\project 1 - library employees\books.h(7): error C3646: 'cirEnd': unknown override specifier
c:\users\emc11\dropbox\software\3.spring 2019\project 1 - library employees\project 1 - library employees\books.h(7): error C4430: missing type specifier - int assumed. Note: C++ does not support default-int
c:\users\emc11\dropbox\software\3.spring 2019\project 1 - library employees\project 1 - library employees\books.h(9): error C2065: 'Employees': undeclared identifier
c:\users\emc11\dropbox\software\3.spring 2019\project 1 - library employees\project 1 - library employees\books.h(9): error C2923: 'std::queue': 'Employees' is not a valid template type argument for parameter '_Ty'
c:\users\emc11\dropbox\software\3.spring 2019\project 1 - library employees\project 1 - library employees\books.h(9): error C2903: 'deque': symbol is neither a class template nor a function template
c:\users\emc11\dropbox\software\3.spring 2019\project 1 - library employees\project 1 - library employees\books.h(9): error C3203: 'deque': unspecialized class template can't be used as a template argument for template parameter '_Container', expected a real type
c:\users\emc11\dropbox\software\3.spring 2019\project 1 - library employees\project 1 - library employees\stringtokenizer.h(27): error C4596: 'has_more_tokens': illegal qualified name in member declaration
c:\users\emc11\dropbox\software\3.spring 2019\project 1 - library employees\project 1 - library employees\stringtokenizer.h(35): error C4596: 'next_token': illegal qualified name in member declaration
c:\users\emc11\dropbox\software\3.spring 2019\project 1 - library employees\project 1 - library employees\stringtokenizer.h(53): error C4596: 'find_next': illegal qualified name in member declaration
c:\users\emc11\dropbox\software\3.spring 2019\project 1 - library employees\project 1 - library employees\source.cpp(19): error C2660: 'Library::circulate_book': function does not take 2 arguments
  c:\users\emc11\dropbox\software\3.spring 2019\project 1 - library employees\project 1 - library employees\library.h(12): note: see declaration of 'Library::circulate_book'
c:\users\emc11\dropbox\software\3.spring 2019\project 1 - library employees\project 1 - library employees\source.cpp(20): error C2660: 'Library::circulate_book': function does not take 2 arguments
  c:\users\emc11\dropbox\software\3.spring 2019\project 1 - library employees\project 1 - library employees\library.h(12): note: see declaration of 'Library::circulate_book'
c:\users\emc11\dropbox\software\3.spring 2019\project 1 - library employees\project 1 - library employees\source.cpp(22): error C2660: 'Library::pass_on': function does not take 2 arguments
  c:\users\emc11\dropbox\software\3.spring 2019\project 1 - library employees\project 1 - library employees\library.h(13): note: see declaration of 'Library::pass_on'
c:\users\emc11\dropbox\software\3.spring 2019\project 1 - library employees\project 1 - library employees\source.cpp(23): error C2660: 'Library::pass_on': function does not take 2 arguments
  c:\users\emc11\dropbox\software\3.spring 2019\project 1 - library employees\project 1 - library employees\library.h(13): note: see declaration of 'Library::pass_on'
c:\users\emc11\dropbox\software\3.spring 2019\project 1 - library employees\project 1 - library employees\source.cpp(24): error C2660: 'Library::pass_on': function does not take 2 arguments
  c:\users\emc11\dropbox\software\3.spring 2019\project 1 - library employees\project 1 - library employees\library.h(13): note: see declaration of 'Library::pass_on'
c:\users\emc11\dropbox\software\3.spring 2019\project 1 - library employees\project 1 - library employees\source.cpp(25): error C2660: 'Library::pass_on': function does not take 2 arguments
  c:\users\emc11\dropbox\software\3.spring 2019\project 1 - library employees\project 1 - library employees\library.h(13): note: see declaration of 'Library::pass_on'
c:\users\emc11\dropbox\software\3.spring 2019\project 1 - library employees\project 1 - library employees\source.cpp(26): error C2660: 'Library::pass_on': function does not take 2 arguments
  c:\users\emc11\dropbox\software\3.spring 2019\project 1 - library employees\project 1 - library employees\library.h(13): note: see declaration of 'Library::pass_on'
c:\users\emc11\dropbox\software\3.spring 2019\project 1 - library employees\project 1 - library employees\source.cpp(27): error C2660: 'Library::pass_on': function does not take 2 arguments
  c:\users\emc11\dropbox\software\3.spring 2019\project 1 - library employees\project 1 - library employees\library.h(13): note: see declaration of 'Library::pass_on'
  Generating Code...
